[debug] [2022-08-23T01:34:07.706Z] ----------------------------------------------------------------------
[debug] [2022-08-23T01:34:07.719Z] Command:       C:\Program Files\nodejs\node.exe C:\Users\David\AppData\Roaming\npm\node_modules\firebase-tools\lib\bin\firebase.js deploy
[debug] [2022-08-23T01:34:07.720Z] CLI Version:   11.8.0
[debug] [2022-08-23T01:34:07.721Z] Platform:      win32
[debug] [2022-08-23T01:34:07.721Z] Node Version:  v18.2.0
[debug] [2022-08-23T01:34:07.722Z] Time:          Mon Aug 22 2022 22:34:07 GMT-0300 (Argentina Standard Time)
[debug] [2022-08-23T01:34:07.723Z] ----------------------------------------------------------------------
[debug] 
[debug] [2022-08-23T01:34:07.832Z] > command requires scopes: ["email","openid","https://www.googleapis.com/auth/cloudplatformprojects.readonly","https://www.googleapis.com/auth/firebase","https://www.googleapis.com/auth/cloud-platform"]
[debug] [2022-08-23T01:34:07.834Z] > authorizing via signed-in user (davidivan.eda@gmail.com)
[debug] [2022-08-23T01:34:07.834Z] [iam] checking project reto-02-flexbox for permissions ["firebase.projects.get","firebasehosting.sites.update"]
[debug] [2022-08-23T01:34:07.839Z] > refreshing access token with scopes: []
[debug] [2022-08-23T01:34:07.847Z] >>> [apiv2][query] POST https://www.googleapis.com/oauth2/v3/token [none]
[debug] [2022-08-23T01:34:07.847Z] >>> [apiv2][body] POST https://www.googleapis.com/oauth2/v3/token [omitted]
[debug] [2022-08-23T01:34:08.168Z] <<< [apiv2][status] POST https://www.googleapis.com/oauth2/v3/token 200
[debug] [2022-08-23T01:34:08.168Z] <<< [apiv2][body] POST https://www.googleapis.com/oauth2/v3/token [omitted]
[debug] [2022-08-23T01:34:08.177Z] >>> [apiv2][query] POST https://cloudresourcemanager.googleapis.com/v1/projects/reto-02-flexbox:testIamPermissions [none]
[debug] [2022-08-23T01:34:08.177Z] >>> [apiv2][(partial)header] POST https://cloudresourcemanager.googleapis.com/v1/projects/reto-02-flexbox:testIamPermissions x-goog-quota-user=projects/reto-02-flexbox
[debug] [2022-08-23T01:34:08.178Z] >>> [apiv2][body] POST https://cloudresourcemanager.googleapis.com/v1/projects/reto-02-flexbox:testIamPermissions {"permissions":["firebase.projects.get","firebasehosting.sites.update"]}
[debug] [2022-08-23T01:34:09.089Z] <<< [apiv2][status] POST https://cloudresourcemanager.googleapis.com/v1/projects/reto-02-flexbox:testIamPermissions 200
[debug] [2022-08-23T01:34:09.089Z] <<< [apiv2][body] POST https://cloudresourcemanager.googleapis.com/v1/projects/reto-02-flexbox:testIamPermissions {"permissions":["firebase.projects.get","firebasehosting.sites.update"]}
[debug] [2022-08-23T01:34:09.090Z] >>> [apiv2][query] GET https://firebase.googleapis.com/v1beta1/projects/reto-02-flexbox [none]
[debug] [2022-08-23T01:34:10.119Z] <<< [apiv2][status] GET https://firebase.googleapis.com/v1beta1/projects/reto-02-flexbox 200
[debug] [2022-08-23T01:34:10.119Z] <<< [apiv2][body] GET https://firebase.googleapis.com/v1beta1/projects/reto-02-flexbox {"projectId":"reto-02-flexbox","projectNumber":"267739338716","displayName":"reto-02-flexbox","name":"projects/reto-02-flexbox","resources":{"hostingSite":"reto-02-flexbox"},"state":"ACTIVE","etag":"1_64e06411-147f-408a-a420-a8ddd58911a9"}
[info] 
[info] === Deploying to 'reto-02-flexbox'...
[info] 
[info] i  deploying hosting 
[debug] [2022-08-23T01:34:10.121Z] >>> [apiv2][query] GET https://firebase.googleapis.com/v1beta1/projects/reto-02-flexbox [none]
[debug] [2022-08-23T01:34:11.130Z] <<< [apiv2][status] GET https://firebase.googleapis.com/v1beta1/projects/reto-02-flexbox 200
[debug] [2022-08-23T01:34:11.130Z] <<< [apiv2][body] GET https://firebase.googleapis.com/v1beta1/projects/reto-02-flexbox {"projectId":"reto-02-flexbox","projectNumber":"267739338716","displayName":"reto-02-flexbox","name":"projects/reto-02-flexbox","resources":{"hostingSite":"reto-02-flexbox"},"state":"ACTIVE","etag":"1_64e06411-147f-408a-a420-a8ddd58911a9"}
[debug] [2022-08-23T01:34:11.134Z] >>> [apiv2][query] POST https://firebasehosting.googleapis.com/v1beta1/projects/267739338716/sites/reto-02-flexbox/versions [none]
[debug] [2022-08-23T01:34:11.134Z] >>> [apiv2][body] POST https://firebasehosting.googleapis.com/v1beta1/projects/267739338716/sites/reto-02-flexbox/versions {"config":{},"labels":{"deployment-tool":"cli-firebase"}}
[debug] [2022-08-23T01:34:12.470Z] <<< [apiv2][status] POST https://firebasehosting.googleapis.com/v1beta1/projects/267739338716/sites/reto-02-flexbox/versions 200
[debug] [2022-08-23T01:34:12.470Z] <<< [apiv2][body] POST https://firebasehosting.googleapis.com/v1beta1/projects/267739338716/sites/reto-02-flexbox/versions {"name":"projects/267739338716/sites/reto-02-flexbox/versions/6160c315d78613f9","status":"CREATED","config":{},"labels":{"deployment-tool":"cli-firebase"}}
[info] i  hosting[reto-02-flexbox]: beginning deploy... 
[info] i  hosting[reto-02-flexbox]: found 18 files in public 
[debug] [2022-08-23T01:34:12.482Z] [hosting] uploading with 200 concurrency
[debug] [2022-08-23T01:34:12.491Z] [hosting] hash cache [cHVibGlj] stored for 18 files
[debug] [2022-08-23T01:34:12.491Z] [hosting][hash queue][FINAL] {"max":6,"min":0,"avg":0.3333333333333333,"active":0,"complete":18,"success":18,"errored":0,"retried":0,"total":18,"elapsed":7}
[debug] [2022-08-23T01:34:12.491Z] >>> [apiv2][query] POST https://firebasehosting.googleapis.com/v1beta1/projects/267739338716/sites/reto-02-flexbox/versions/6160c315d78613f9:populateFiles [none]
[debug] [2022-08-23T01:34:12.491Z] >>> [apiv2][body] POST https://firebasehosting.googleapis.com/v1beta1/projects/267739338716/sites/reto-02-flexbox/versions/6160c315d78613f9:populateFiles {"files":{"/404.html":"daa499dd96d8229e73235345702ba32f0793f0c8e5c0d30e40e37a5872be57aa","/css/styles.css":"f8f84bf09b244b940a08c8b323fd1610f55229cb4fbbde13c396ec2cc75c34e8","/images/chat.svg":"37d4fbeceadd6f4751399cdf9f83f122fdaa6822b9b690a9b3126427ded2ec02","/images/instagram-brands.svg":"a03403a47e9eb20e3df1fd47c15501e66c0ad169f09e7af5b0a51cd6b3ee3f6f","/images/main-image-psicologia-al-desnudo.jfif":"1f6383fdb3b13116e77710c30f0e31368d9b796148af32f69bd8817036521b96","/images/main-logo-psicologia-al-desnudo-2.jpg":"ed36c63905399ac7b5bab0dc057d64a879c8d555c3c9c6de283d372ffc8e377d","/images/main-logo-psicologia-al-desnudo.png":"804d998f8ba04db27c4d6cb17c70e8c96f9bc86dc74ffcd812c01fd0ea78a3ee","/images/message.svg":"e7c103c80a11bb3684db09d0b7f5d9e225a1ce122f44aed023e89a3fa0c9055e","/images/message1.svg":"cbf2976c0130d2f5863f3aca8f0598427e7a7186c93f5b5771c2085b2a1a4b70","/images/problem.svg":"e80a90ed4d4dc95626c5f222167889a49f39f8475b9060d0781ba9c837e335bc","/images/Spotify_logo_with_text.svg":"90ed77f16bdda0f69aa80b70cd1be721605529cac52248fbd4336ac7047e247a","/images/undraw_Newsletter_re_wrob.svg":"3ec95dee37701cf7b279d2fcb19ec9ca1b3e736e0d8e2e9cc1501966b9eef14d","/images/waiting.svg":"dcd0355c3681d4e191c5fe1843b929f508f863b02f3aeff8564751d6f80fe8e5","/images/wavesNegative.svg":"b35a9b21d72884ab30b55e272b704007d7aa10dc3f8b73f6140cd21f75fa16f5","/images/world.svg":"2de38587f867c57630b458dee4582285b6772341e6943c4f11d641077837f8ad","/images/worldw1.svg":"dd1bcfdc38514d9fd6d7103795f2cc72f3987c6033bae767b81a30987a76ddd8","/js/script.js":"4fd0bfe1c795480ce1e174dc1e2d0286e5e4e0fbae7aee35a58731b691002974","/index.html":"34ee27eb1d9e1a7732b7247d665a53523360843a9cb3a08a8ff2f3d575e24290"}}
